<?xml version="1.0" encoding="UTF-8"?>
<!-- Generated by org.testng.reporters.JUnitXMLReporter -->
<testsuite ignored="2" hostname="Arunsobh" failures="0" tests="6" name="Test" time="19.024" errors="0" timestamp="2022-12-14T08:49:50 IST">
  <testcase classname="com.Restaurant.TestCases.VerifyValidUserLoginTest" name="VerifyInvalidUserLogin" time="0.007"/>
  <testcase classname="com.Restaurant.TestCases.VerifyValidUserLoginTest" name="VerifyInvalidUserLogin" time="0.002"/>
  <testcase classname="com.Restaurant.TestCases.VerifyValidUserLoginTest" name="VerifyInvalidUserLogin" time="0.001"/>
  <testcase classname="com.Restaurant.TestCases.VerifyValidUserLoginTest" name="VerifyUserLogin" time="13.945"/>
  <testcase classname="com.Restaurant.TestCases.VerifyProductPage" name="VerifyProduct" time="4.035"/>
  <testcase classname="com.Restaurant.TestCases.VerifyProductPage" name="VerifySelectEachElements" time="0.917"/>
  <testcase classname="Com.Restaurant.Baseclass.BaseClass" name="@AfterSuite AfterSuit" time="0.0">
    <ignored/>
  </testcase> <!-- @AfterSuite AfterSuit -->
  <testcase classname="Com.Restaurant.Baseclass.BaseClass" name="@BeforeTest loadConfig" time="0.0">
    <ignored/>
  </testcase> <!-- @BeforeTest loadConfig -->
</testsuite> <!-- Test -->
