<?xml version="1.0" encoding="UTF-8"?>
<testsuite xmlns:xsi="http://www.w3.org/2001/XMLSchema-instance" xsi:noNamespaceSchemaLocation="https://maven.apache.org/surefire/maven-surefire-plugin/xsd/surefire-test-report-3.0.xsd" version="3.0" name="TestSuite" time="20.045" tests="7" errors="0" skipped="0" failures="1">
  <properties>
[...]
</properties>
  <testcase name="VerifyInvalidUserLogin[uname, password](1)" classname="com.Restaurant.TestCases.VerifyValidUserLoginTest" time="0.009">
    <system-err><![CDATA[SLF4J: Failed to load class "org.slf4j.impl.StaticLoggerBinder".
SLF4J: Defaulting to no-operation (NOP) logger implementation
SLF4J: See http://www.slf4j.org/codes.html#StaticLoggerBinder for further details.
]]></system-err>
  </testcase>
  <testcase name="VerifyInvalidUserLogin[uname, pword](2)" classname="com.Restaurant.TestCases.VerifyValidUserLoginTest" time="0.001"/>
  <testcase name="VerifyInvalidUserLogin[admin, pasword](3)" classname="com.Restaurant.TestCases.VerifyValidUserLoginTest" time="0.001"/>
  <testcase name="VerifyUserLogin" classname="com.Restaurant.TestCases.VerifyValidUserLoginTest" time="13.95">
    <system-out><![CDATA[Successfully entered value
Successfully entered value
Able to click on "Clicking on login buton"
]]></system-out>
    <system-err><![CDATA[ERROR StatusLogger Log4j2 could not find a logging implementation. Please add log4j-core to the classpath. Using SimpleLogger to log to the console...
Starting ChromeDriver 108.0.5359.71 (1e0e3868ee06e91ad636a874420e3ca3ae3756ac-refs/branch-heads/5359@{#1016}) on port 1364
Only local connections are allowed.
Please see https://chromedriver.chromium.org/security-considerations for suggestions on keeping ChromeDriver safe.
ChromeDriver was started successfully.
Dec 14, 2022 8:49:37 AM org.openqa.selenium.devtools.CdpVersionFinder findNearestMatch
WARNING: Unable to find an exact match for CDP version 108, so returning the closest version found: 106
]]></system-err>
  </testcase>
  <testcase name="AfterSuit" classname="com.Restaurant.TestCases.VerifyValidUserLoginTest" time="0.951">
    <failure message="Cannot invoke &quot;com.aventstack.extentreports.ExtentReports.flush()&quot; because &quot;Com.Restaurant.Utilities.ExtentReport.extent&quot; is null" type="java.lang.NullPointerException"><![CDATA[java.lang.NullPointerException: Cannot invoke "com.aventstack.extentreports.ExtentReports.flush()" because "Com.Restaurant.Utilities.ExtentReport.extent" is null
	at Com.Restaurant.Utilities.ExtentReport.endReport(ExtentReport.java:31)
	at Com.Restaurant.Baseclass.BaseClass.AfterSuit(BaseClass.java:86)
	at java.base/jdk.internal.reflect.DirectMethodHandleAccessor.invoke(DirectMethodHandleAccessor.java:104)
	at java.base/java.lang.reflect.Method.invoke(Method.java:577)
	at org.testng.internal.invokers.MethodInvocationHelper.invokeMethod(MethodInvocationHelper.java:139)
	at org.testng.internal.invokers.MethodInvocationHelper.invokeMethodConsideringTimeout(MethodInvocationHelper.java:69)
	at org.testng.internal.invokers.ConfigInvoker.invokeConfigurationMethod(ConfigInvoker.java:361)
	at org.testng.internal.invokers.ConfigInvoker.invokeConfigurations(ConfigInvoker.java:296)
	at org.testng.SuiteRunner.privateRun(SuiteRunner.java:400)
	at org.testng.SuiteRunner.run(SuiteRunner.java:330)
	at org.testng.SuiteRunnerWorker.runSuite(SuiteRunnerWorker.java:52)
	at org.testng.SuiteRunnerWorker.run(SuiteRunnerWorker.java:95)
	at org.testng.TestNG.runSuitesSequentially(TestNG.java:1256)
	at org.testng.TestNG.runSuitesLocally(TestNG.java:1176)
	at org.testng.TestNG.runSuites(TestNG.java:1099)
	at org.testng.TestNG.run(TestNG.java:1067)
	at org.apache.maven.surefire.testng.TestNGExecutor.run(TestNGExecutor.java:324)
	at org.apache.maven.surefire.testng.TestNGXmlTestSuite.execute(TestNGXmlTestSuite.java:74)
	at org.apache.maven.surefire.testng.TestNGProvider.invoke(TestNGProvider.java:123)
	at org.apache.maven.surefire.booter.ForkedBooter.runSuitesInProcess(ForkedBooter.java:456)
	at org.apache.maven.surefire.booter.ForkedBooter.execute(ForkedBooter.java:169)
	at org.apache.maven.surefire.booter.ForkedBooter.run(ForkedBooter.java:595)
	at org.apache.maven.surefire.booter.ForkedBooter.main(ForkedBooter.java:581)
]]></failure>
  </testcase>
  <testcase name="VerifyProduct" classname="com.Restaurant.TestCases.VerifyProductPage" time="4.034">
    <system-out><![CDATA[Able to click on "Clicking on product buton"
]]></system-out>
    <system-err><![CDATA[log4j:WARN No appenders could be found for logger (Com.Restaurant.Utilities.Log).
log4j:WARN Please initialize the log4j system properly.
log4j:WARN See http://logging.apache.org/log4j/1.2/faq.html#noconfig for more info.
]]></system-err>
  </testcase>
  <testcase name="VerifySelectEachElements" classname="com.Restaurant.TestCases.VerifyProductPage" time="0.918"/>
</testsuite>