<?xml version="1.0" encoding="UTF-8"?>
<testng-results ignored="2" total="8" passed="6" failed="0" skipped="0">
  <reporter-output>
  </reporter-output>
  <suite started-at="2022-12-14T08:49:31 IST" name="Suite" finished-at="2022-12-14T08:49:50 IST" duration-ms="19024">
    <groups>
    </groups>
    <test started-at="2022-12-14T08:49:31 IST" name="Test" finished-at="2022-12-14T08:49:50 IST" duration-ms="19024">
      <class name="com.Restaurant.TestCases.VerifyProductPage">
        <test-method signature="VerifyProduct()[pri:0, instance:com.Restaurant.TestCases.VerifyProductPage@399f45b1]" started-at="2022-12-14T08:49:45 IST" name="VerifyProduct" finished-at="2022-12-14T08:49:49 IST" duration-ms="4035" status="PASS">
          <reporter-output>
          </reporter-output>
        </test-method> <!-- VerifyProduct -->
        <test-method signature="VerifySelectEachElements()[pri:0, instance:com.Restaurant.TestCases.VerifyProductPage@399f45b1]" started-at="2022-12-14T08:49:49 IST" name="VerifySelectEachElements" finished-at="2022-12-14T08:49:50 IST" duration-ms="917" status="PASS">
          <reporter-output>
          </reporter-output>
        </test-method> <!-- VerifySelectEachElements -->
      </class> <!-- com.Restaurant.TestCases.VerifyProductPage -->
      <class name="com.Restaurant.TestCases.VerifyValidUserLoginTest">
        <test-method is-config="true" signature="loadConfig()[pri:0, instance:com.Restaurant.TestCases.VerifyValidUserLoginTest@6c64cb25]" started-at="2022-12-14T08:49:31 IST" name="loadConfig" finished-at="2022-12-14T08:49:31 IST" duration-ms="27" status="PASS">
          <reporter-output>
          </reporter-output>
        </test-method> <!-- loadConfig -->
        <test-method signature="VerifyInvalidUserLogin(java.lang.String,java.lang.String)[pri:0, instance:com.Restaurant.TestCases.VerifyValidUserLoginTest@6c64cb25]" started-at="2022-12-14T08:49:31 IST" name="VerifyInvalidUserLogin" data-provider="InvalidLoginDatas" finished-at="2022-12-14T08:49:31 IST" duration-ms="7" status="PASS">
          <params>
            <param index="0">
              <value>
                <![CDATA[uname]]>
              </value>
            </param>
            <param index="1">
              <value>
                <![CDATA[password]]>
              </value>
            </param>
          </params>
          <reporter-output>
          </reporter-output>
        </test-method> <!-- VerifyInvalidUserLogin -->
        <test-method signature="VerifyInvalidUserLogin(java.lang.String,java.lang.String)[pri:0, instance:com.Restaurant.TestCases.VerifyValidUserLoginTest@6c64cb25]" started-at="2022-12-14T08:49:31 IST" name="VerifyInvalidUserLogin" data-provider="InvalidLoginDatas" finished-at="2022-12-14T08:49:31 IST" duration-ms="2" status="PASS">
          <params>
            <param index="0">
              <value>
                <![CDATA[uname]]>
              </value>
            </param>
            <param index="1">
              <value>
                <![CDATA[pword]]>
              </value>
            </param>
          </params>
          <reporter-output>
          </reporter-output>
        </test-method> <!-- VerifyInvalidUserLogin -->
        <test-method signature="VerifyInvalidUserLogin(java.lang.String,java.lang.String)[pri:0, instance:com.Restaurant.TestCases.VerifyValidUserLoginTest@6c64cb25]" started-at="2022-12-14T08:49:31 IST" name="VerifyInvalidUserLogin" data-provider="InvalidLoginDatas" finished-at="2022-12-14T08:49:31 IST" duration-ms="1" status="PASS">
          <params>
            <param index="0">
              <value>
                <![CDATA[admin]]>
              </value>
            </param>
            <param index="1">
              <value>
                <![CDATA[pasword]]>
              </value>
            </param>
          </params>
          <reporter-output>
          </reporter-output>
        </test-method> <!-- VerifyInvalidUserLogin -->
        <test-method signature="VerifyUserLogin()[pri:0, instance:com.Restaurant.TestCases.VerifyValidUserLoginTest@6c64cb25]" started-at="2022-12-14T08:49:31 IST" name="VerifyUserLogin" finished-at="2022-12-14T08:49:45 IST" duration-ms="13945" status="PASS">
          <reporter-output>
          </reporter-output>
        </test-method> <!-- VerifyUserLogin -->
        <test-method is-config="true" signature="AfterSuit()[pri:0, instance:com.Restaurant.TestCases.VerifyValidUserLoginTest@6c64cb25]" started-at="2022-12-14T08:49:50 IST" name="AfterSuit" finished-at="2022-12-14T08:49:50 IST" duration-ms="6" status="FAIL">
          <exception class="java.lang.NullPointerException">
            <message>
              <![CDATA[Cannot invoke "com.aventstack.extentreports.ExtentReports.flush()" because "Com.Restaurant.Utilities.ExtentReport.extent" is null]]>
            </message>
            <full-stacktrace>
              <![CDATA[java.lang.NullPointerException: Cannot invoke "com.aventstack.extentreports.ExtentReports.flush()" because "Com.Restaurant.Utilities.ExtentReport.extent" is null
at Com.Restaurant.Utilities.ExtentReport.endReport(ExtentReport.java:31)
at Com.Restaurant.Baseclass.BaseClass.AfterSuit(BaseClass.java:86)
at java.base/jdk.internal.reflect.DirectMethodHandleAccessor.invoke(DirectMethodHandleAccessor.java:104)
at java.base/java.lang.reflect.Method.invoke(Method.java:577)
at org.testng.internal.invokers.MethodInvocationHelper.invokeMethod(MethodInvocationHelper.java:139)
at org.testng.internal.invokers.MethodInvocationHelper.invokeMethodConsideringTimeout(MethodInvocationHelper.java:69)
at org.testng.internal.invokers.ConfigInvoker.invokeConfigurationMethod(ConfigInvoker.java:361)
at org.testng.internal.invokers.ConfigInvoker.invokeConfigurations(ConfigInvoker.java:296)
at org.testng.SuiteRunner.privateRun(SuiteRunner.java:400)
at org.testng.SuiteRunner.run(SuiteRunner.java:330)
at org.testng.SuiteRunnerWorker.runSuite(SuiteRunnerWorker.java:52)
at org.testng.SuiteRunnerWorker.run(SuiteRunnerWorker.java:95)
at org.testng.TestNG.runSuitesSequentially(TestNG.java:1256)
at org.testng.TestNG.runSuitesLocally(TestNG.java:1176)
at org.testng.TestNG.runSuites(TestNG.java:1099)
at org.testng.TestNG.run(TestNG.java:1067)
at org.apache.maven.surefire.testng.TestNGExecutor.run(TestNGExecutor.java:324)
at org.apache.maven.surefire.testng.TestNGXmlTestSuite.execute(TestNGXmlTestSuite.java:74)
at org.apache.maven.surefire.testng.TestNGProvider.invoke(TestNGProvider.java:123)
at org.apache.maven.surefire.booter.ForkedBooter.runSuitesInProcess(ForkedBooter.java:456)
at org.apache.maven.surefire.booter.ForkedBooter.execute(ForkedBooter.java:169)
at org.apache.maven.surefire.booter.ForkedBooter.run(ForkedBooter.java:595)
at org.apache.maven.surefire.booter.ForkedBooter.main(ForkedBooter.java:581)
]]>
            </full-stacktrace>
          </exception> <!-- java.lang.NullPointerException -->
          <reporter-output>
          </reporter-output>
        </test-method> <!-- AfterSuit -->
      </class> <!-- com.Restaurant.TestCases.VerifyValidUserLoginTest -->
    </test> <!-- Test -->
  </suite> <!-- Suite -->
</testng-results>
