<?xml version="1.0" encoding="UTF-8"?>
<!-- Generated by org.testng.reporters.JUnitXMLReporter -->
<testsuite hostname="Arunsobh" ignored="3" name="Test" tests="6" failures="0" timestamp="2022-12-14T11:26:10 IST" time="14.072" errors="0">
  <testcase name="VerifyInvalidUserLogin" time="0.006" classname="com.Restaurant.TestCases.VerifyValidUserLoginTest"/>
  <testcase name="VerifyInvalidUserLogin" time="0.002" classname="com.Restaurant.TestCases.VerifyValidUserLoginTest"/>
  <testcase name="VerifyInvalidUserLogin" time="0.002" classname="com.Restaurant.TestCases.VerifyValidUserLoginTest"/>
  <testcase name="VerifyUserLogin" time="10.429" classname="com.Restaurant.TestCases.VerifyValidUserLoginTest"/>
  <testcase name="VerifyProduct" time="2.744" classname="com.Restaurant.TestCases.VerifyProductPage"/>
  <testcase name="VerifySelectEachElements" time="0.812" classname="com.Restaurant.TestCases.VerifyProductPage"/>
  <testcase name="@BeforeTest loadConfig" time="0.0" classname="Com.Restaurant.Baseclass.BaseClass">
    <ignored/>
  </testcase> <!-- @BeforeTest loadConfig -->
  <testcase name="@AfterSuite AfterSuit" time="0.0" classname="Com.Restaurant.Baseclass.BaseClass">
    <ignored/>
  </testcase> <!-- @AfterSuite AfterSuit -->
  <testcase name="@BeforeSuite beoreSuite" time="0.0" classname="Com.Restaurant.Baseclass.BaseClass">
    <ignored/>
  </testcase> <!-- @BeforeSuite beoreSuite -->
</testsuite> <!-- Test -->
