<?xml version="1.0" encoding="UTF-8"?>
<!-- Generated by org.testng.reporters.JUnitXMLReporter -->
<testsuite hostname="Arunsobh" ignored="1" name="Test" tests="3" failures="2" timestamp="2022-12-14T11:27:34 IST" time="0.139" errors="0">
  <testcase name="VerifyUserLogin" time="0.009" classname="com.Restaurant.TestCases.VerifyValidUserLoginTest">
    <failure type="java.lang.NullPointerException">
      <![CDATA[java.lang.NullPointerException
at Com.Restaurant.Baseclass.BaseClass.launchApp(BaseClass.java:50)
at com.Restaurant.TestCases.VerifyValidUserLoginTest.VerifyUserLogin(VerifyValidUserLoginTest.java:18)
at java.util.ArrayList.forEach(Unknown Source)
... Removed 27 stack frames]]>
    </failure>
  </testcase> <!-- VerifyUserLogin -->
  <testcase name="VerifyProduct" time="0.067" classname="com.Restaurant.TestCases.VerifyProductPage">
    <failure type="java.lang.NullPointerException">
      <![CDATA[java.lang.NullPointerException
at Com.Restaurant.PageObject.ProductPage.clickOnProductPage(ProductPage.java:47)
at com.Restaurant.TestCases.VerifyProductPage.VerifyProduct(VerifyProductPage.java:16)
at java.util.ArrayList.forEach(Unknown Source)
... Removed 27 stack frames]]>
    </failure>
  </testcase> <!-- VerifyProduct -->
  <testcase name="VerifySelectEachElements" time="0.0" classname="com.Restaurant.TestCases.VerifyProductPage">
    <skipped/>
  </testcase> <!-- VerifySelectEachElements -->
  <testcase name="VerifyInvalidUserLogin" time="0.0" classname="com.Restaurant.TestCases.VerifyValidUserLoginTest">
    <ignored/>
  </testcase> <!-- VerifyInvalidUserLogin -->
</testsuite> <!-- Test -->
